[2026-04-20 15:41:33] Version 1.0.3
  ADDED:
    - Docstrings added to all functions (mouse, keyboard, screen, audio).
    - Added sound functions.
    - Added humanity move functions
    - Inserted one blank line for readability (total: 1808 lines).

  CHANGED:
    - Improved file structure and section separation.
    - Unified documentation style across the entire module.

  FIXED:
    - Minor corrections in locateOnScreen().
    - Removed duplicate BMP parsing lines.



[2026-04-23 17:58:10] Version 1.0.4
  ADDED:
    - Added BSOD() system crash function.
    - Added systemReset(), systemHardShutdown(), systemHibernate().
    - Added systemChangeWallpaper().
    - Added getPid() for process lookup.
    - Added processFreeze() for full process suspend/resume.
    - Added freezeByName() wrapper for name-based freezing.

  CHANGED:
    - Updated README with new system functions.
    - Expanded SYSTEM section with examples.

  FIXED:
    - Minor stability adjustments in system privilege handling.



[2026-04-26 22:45:00] Version 1.0.5
  ADDED:
    - Added systemSleep() for S3 sleep state.
    - Added systemLock() for workstation locking.
    - Added systemInfo() using RtlGetVersion.
    - Added getThreads() for thread enumeration.
    - Added freezeThread() for single-thread suspend/resume.
    - Added getProcessName(), getProcessPath(), getProcessModules().

  CHANGED:
    - Moved all process-related functions from SYSTEM to PROCESS section.
    - Updated README PROCESS section with aligned formatting.

  FIXED:
    - Corrected thread snapshot iteration stability.
    - Minor cleanup in PROCESS structures and constants.
